<?xml version="1.0" encoding="UTF-8"?>
<!-- Generated by org.testng.reporters.JUnitXMLReporter -->
<testsuite hostname="DESKTOP-N0K3CCE" name="Default test" tests="4" failures="0" timestamp="11 Jan 2023 13:34:10 GMT" time="74.442" errors="0">
  <testcase name="@BeforeMethod setUp" time="0.0" classname="TestCases.CheckoutOverviewPageTest">
    <failure type="java.io.IOException" message="Your InputStream was neither an OLE2 stream, nor an OOXML stream or you haven&amp;apos;t provide the poi-ooxml*.jar in the classpath/modulepath - FileMagic: OOXML, having providers: [org.apache.poi.hssf.usermodel.HSSFWorkbookFactory@1abf713]">
      <![CDATA[java.io.IOException: Your InputStream was neither an OLE2 stream, nor an OOXML stream or you haven't provide the poi-ooxml*.jar in the classpath/modulepath - FileMagic: OOXML, having providers: [org.apache.poi.hssf.usermodel.HSSFWorkbookFactory@1abf713]
	at org.apache.poi.ss.usermodel.WorkbookFactory.wp(WorkbookFactory.java:334)
	at org.apache.poi.ss.usermodel.WorkbookFactory.create(WorkbookFactory.java:224)
	at org.apache.poi.ss.usermodel.WorkbookFactory.create(WorkbookFactory.java:185)
	at Utility.ReadData.readExcelFile(ReadData.java:25)
	at Pages.CheckoutPage.verifyCheckoutData(CheckoutPage.java:28)
	at TestCases.CheckoutOverviewPageTest.setUp(CheckoutOverviewPageTest.java:33)
	at sun.reflect.NativeMethodAccessorImpl.invoke0(Native Method)
	at sun.reflect.NativeMethodAccessorImpl.invoke(Unknown Source)
	at sun.reflect.DelegatingMethodAccessorImpl.invoke(Unknown Source)
	at java.lang.reflect.Method.invoke(Unknown Source)
	at org.testng.internal.MethodInvocationHelper.invokeMethod(MethodInvocationHelper.java:84)
	at org.testng.internal.Invoker.invokeConfigurationMethod(Invoker.java:564)
	at org.testng.internal.Invoker.invokeConfigurations(Invoker.java:213)
	at org.testng.internal.Invoker.invokeMethod(Invoker.java:653)
	at org.testng.internal.Invoker.invokeTestMethod(Invoker.java:901)
	at org.testng.internal.Invoker.invokeTestMethods(Invoker.java:1231)
	at org.testng.internal.TestMethodWorker.invokeTestMethods(TestMethodWorker.java:127)
	at org.testng.internal.TestMethodWorker.run(TestMethodWorker.java:111)
	at org.testng.TestRunner.privateRun(TestRunner.java:767)
	at org.testng.TestRunner.run(TestRunner.java:617)
	at org.testng.SuiteRunner.runTest(SuiteRunner.java:334)
	at org.testng.SuiteRunner.runSequentially(SuiteRunner.java:329)
	at org.testng.SuiteRunner.privateRun(SuiteRunner.java:291)
	at org.testng.SuiteRunner.run(SuiteRunner.java:240)
	at org.testng.SuiteRunnerWorker.runSuite(SuiteRunnerWorker.java:52)
	at org.testng.SuiteRunnerWorker.run(SuiteRunnerWorker.java:86)
	at org.testng.TestNG.runSuitesSequentially(TestNG.java:1224)
	at org.testng.TestNG.runSuitesLocally(TestNG.java:1149)
	at org.testng.TestNG.run(TestNG.java:1057)
	at org.testng.remote.AbstractRemoteTestNG.run(AbstractRemoteTestNG.java:132)
	at org.testng.remote.RemoteTestNG.initAndRun(RemoteTestNG.java:230)
	at org.testng.remote.RemoteTestNG.main(RemoteTestNG.java:76)
]]>
    </failure>
  </testcase> <!-- @BeforeMethod setUp -->
  <testcase name="@AfterMethod closeBrowser" time="0.0" classname="TestCases.CheckoutOverviewPageTest">
    <skipped/>
  </testcase> <!-- @AfterMethod closeBrowser -->
  <testcase name="@BeforeMethod setUp" time="0.0" classname="TestCases.CheckoutOverviewPageTest">
    <skipped/>
  </testcase> <!-- @BeforeMethod setUp -->
  <testcase name="@AfterMethod closeBrowser" time="0.0" classname="TestCases.CheckoutOverviewPageTest">
    <skipped/>
  </testcase> <!-- @AfterMethod closeBrowser -->
  <testcase name="@BeforeMethod setUp" time="0.0" classname="TestCases.CheckoutOverviewPageTest">
    <skipped/>
  </testcase> <!-- @BeforeMethod setUp -->
  <testcase name="@AfterMethod closeBrowser" time="0.0" classname="TestCases.CheckoutOverviewPageTest">
    <skipped/>
  </testcase> <!-- @AfterMethod closeBrowser -->
  <testcase name="@BeforeMethod setUp" time="0.0" classname="TestCases.CheckoutOverviewPageTest">
    <skipped/>
  </testcase> <!-- @BeforeMethod setUp -->
  <testcase name="@AfterMethod closeBrowser" time="0.0" classname="TestCases.CheckoutOverviewPageTest">
    <skipped/>
  </testcase> <!-- @AfterMethod closeBrowser -->
  <testcase name="verifyCheckoutLabelTest" time="0.003" classname="TestCases.CheckoutOverviewPageTest">
    <skipped/>
  </testcase> <!-- verifyCheckoutLabelTest -->
  <testcase name="verifyPaymentInfoLabelTest" time="0.002" classname="TestCases.CheckoutOverviewPageTest">
    <skipped/>
  </testcase> <!-- verifyPaymentInfoLabelTest -->
  <testcase name="verifyShippingInfoLabelTest" time="0.002" classname="TestCases.CheckoutOverviewPageTest">
    <skipped/>
  </testcase> <!-- verifyShippingInfoLabelTest -->
  <testcase name="verifyTotalAmmountLabelTest" time="0.002" classname="TestCases.CheckoutOverviewPageTest">
    <skipped/>
  </testcase> <!-- verifyTotalAmmountLabelTest -->
</testsuite> <!-- Default test -->
